  AssetManager.cpp
  Game.cpp
  InputManager.cpp
D:\Proyects\SFML Group\SFML Template\SFML Template\InputManager.cpp(10,38): warning C4244: 'argumento': conversión de 'T' a 'T'; posible pérdida de datos
          with
          [
              T=float
          ]
          and
          [
              T=int
          ]
D:\Proyects\SFML Group\SFML Template\SFML Template\InputManager.cpp(10,6): warning C4244: 'argumento': conversión de 'T' a 'T'; posible pérdida de datos
          with
          [
              T=float
          ]
          and
          [
              T=int
          ]
D:\Proyects\SFML Group\SFML Template\SFML Template\InputManager.cpp(9,25): warning C4244: 'argumento': conversión de 'const T' a 'T'; posible pérdida de datos
          with
          [
              T=float
          ]
          and
          [
              T=int
          ]
D:\Proyects\SFML Group\SFML Template\SFML Template\InputManager.cpp(8,41): warning C4244: 'argumento': conversión de 'const T' a 'T'; posible pérdida de datos
          with
          [
              T=float
          ]
          and
          [
              T=int
          ]
  main.cpp
  StateMachine.cpp
  StateMachine.h
  Generando código...
x64\Debug\StateMachine.obj : warning LNK4042: objeto especificado más de una vez; omitidos los sobrantes
Game.obj : error LNK2019: símbolo externo "public: __cdecl Flappy::AssetManager::AssetManager(void)" (??0AssetManager@Flappy@@QEAA@XZ) sin resolver al que se hace referencia en la función "public: __cdecl Flappy::GameData::GameData(void)" (??0GameData@Flappy@@QEAA@XZ)
Game.obj : error LNK2019: símbolo externo "public: __cdecl Flappy::AssetManager::~AssetManager(void)" (??1AssetManager@Flappy@@QEAA@XZ) sin resolver al que se hace referencia en la función "int `public: __cdecl Flappy::GameData::GameData(void)'::`1'::dtor$2" (?dtor$2@?0???0GameData@Flappy@@QEAA@XZ@4HA)
Game.obj : error LNK2019: símbolo externo "public: __cdecl Flappy::InputManager::InputManager(void)" (??0InputManager@Flappy@@QEAA@XZ) sin resolver al que se hace referencia en la función "public: __cdecl Flappy::GameData::GameData(void)" (??0GameData@Flappy@@QEAA@XZ)
Game.obj : error LNK2019: símbolo externo "public: __cdecl Flappy::InputManager::~InputManager(void)" (??1InputManager@Flappy@@QEAA@XZ) sin resolver al que se hace referencia en la función "public: __cdecl Flappy::GameData::~GameData(void)" (??1GameData@Flappy@@QEAA@XZ)
D:\Proyects\SFML Group\SFML Template\x64\Debug\SFML Template.exe : fatal error LNK1120: 4 externos sin resolver
